config:
    /jupyter/.jupyter
    /h2oai_env/etc/jupyter
    /usr/local/etc/jupyter
    /etc/jupyter
data:
    /jupyter/.local/share/jupyter
    /h2oai_env/share/jupyter
    /usr/local/share/jupyter
    /usr/share/jupyter
runtime:
    /jupyter/.local/share/jupyter/runtime
[I 15:09:52.895 NotebookApp] Writing notebook server cookie secret to /jupyter/.local/share/jupyter/runtime/notebook_cookie_secret
[W 15:09:53.317 NotebookApp] WARNING: The notebook server is listening on all IP addresses and not using encryption. This is not recommended.
[I 15:09:53.332 NotebookApp] Serving notebooks from local directory: /jupyter
[I 15:09:53.333 NotebookApp] 0 active kernels
[I 15:09:53.333 NotebookApp] The Jupyter Notebook is running at:
[I 15:09:53.334 NotebookApp] http://eea148d4780d:8888/?token=1fa916b573f4d2ca76fb1a29beddec5b188c37caf8d562f0
[I 15:09:53.334 NotebookApp] Use Control-C to stop this server and shut down all kernels (twice to skip confirmation).
[C 15:09:53.335 NotebookApp] 
    
    Copy/paste this URL into your browser when you connect for the first time,
    to login with a token:
        http://eea148d4780d:8888/?token=1fa916b573f4d2ca76fb1a29beddec5b188c37caf8d562f0&token=1fa916b573f4d2ca76fb1a29beddec5b188c37caf8d562f0
[I 15:09:59.498 NotebookApp] Interrupted...
[I 15:09:59.499 NotebookApp] Shutting down 0 kernels
