config:
    /jupyter/.jupyter
    /h2oai_env/etc/jupyter
    /usr/local/etc/jupyter
    /etc/jupyter
data:
    /jupyter/.local/share/jupyter
    /h2oai_env/share/jupyter
    /usr/local/share/jupyter
    /usr/share/jupyter
runtime:
    /jupyter/.local/share/jupyter/runtime
[I 23:01:32.014 NotebookApp] Writing notebook server cookie secret to /jupyter/.local/share/jupyter/runtime/notebook_cookie_secret
[W 23:01:32.377 NotebookApp] WARNING: The notebook server is listening on all IP addresses and not using encryption. This is not recommended.
[I 23:01:32.390 NotebookApp] Serving notebooks from local directory: /jupyter
[I 23:01:32.391 NotebookApp] 0 active kernels
[I 23:01:32.392 NotebookApp] The Jupyter Notebook is running at:
[I 23:01:32.393 NotebookApp] http://c6ce7d0637d6:8888/?token=12304336cbd845c115a40ea214ef53aea76e5e499b6e801d
[I 23:01:32.394 NotebookApp] Use Control-C to stop this server and shut down all kernels (twice to skip confirmation).
[C 23:01:32.395 NotebookApp] 
    
    Copy/paste this URL into your browser when you connect for the first time,
    to login with a token:
        http://c6ce7d0637d6:8888/?token=12304336cbd845c115a40ea214ef53aea76e5e499b6e801d&token=12304336cbd845c115a40ea214ef53aea76e5e499b6e801d
[I 23:04:39.894 NotebookApp] Interrupted...
[I 23:04:39.895 NotebookApp] Shutting down 0 kernels
